{"/home/ricardo/Desktop/testes/ContaS/vagas/src/config/env.ts": {"path":"/home/ricardo/Desktop/testes/ContaS/vagas/src/config/env.ts","statementMap":{"0":{"start":{"line":4,"column":18},"end":{"line":9,"column":null}},"1":{"start":{"line":11,"column":13},"end":{"line":11,"column":null}},"2":{"start":{"line":13,"column":0},"end":{"line":17,"column":null}},"3":{"start":{"line":14,"column":2},"end":{"line":14,"column":null}},"4":{"start":{"line":16,"column":2},"end":{"line":16,"column":null}},"5":{"start":{"line":19,"column":19},"end":{"line":19,"column":null}}},"fnMap":{},"branchMap":{"0":{"loc":{"start":{"line":13,"column":0},"end":{"line":17,"column":null}},"type":"if","locations":[{"start":{"line":13,"column":0},"end":{"line":17,"column":null}},{"start":{"line":13,"column":0},"end":{"line":17,"column":null}}]}},"s":{"0":8,"1":8,"2":8,"3":0,"4":0,"5":8},"f":{},"b":{"0":[0,8]}}
,"/home/ricardo/Desktop/testes/ContaS/vagas/src/core/routes.ts": {"path":"/home/ricardo/Desktop/testes/ContaS/vagas/src/core/routes.ts","statementMap":{"0":{"start":{"line":18,"column":15},"end":{"line":18,"column":null}},"1":{"start":{"line":20,"column":0},"end":{"line":26,"column":null}},"2":{"start":{"line":21,"column":2},"end":{"line":25,"column":null}},"3":{"start":{"line":28,"column":0},"end":{"line":28,"column":null}},"4":{"start":{"line":30,"column":0},"end":{"line":30,"column":null}},"5":{"start":{"line":32,"column":0},"end":{"line":32,"column":null}},"6":{"start":{"line":34,"column":0},"end":{"line":39,"column":null}},"7":{"start":{"line":41,"column":0},"end":{"line":46,"column":null}},"8":{"start":{"line":48,"column":0},"end":{"line":48,"column":null}},"9":{"start":{"line":50,"column":0},"end":{"line":56,"column":null}},"10":{"start":{"line":58,"column":0},"end":{"line":58,"column":null}}},"fnMap":{"0":{"name":"(anonymous_0)","decl":{"start":{"line":20,"column":16},"end":{"line":20,"column":26}},"loc":{"start":{"line":20,"column":56},"end":{"line":26,"column":1}}}},"branchMap":{},"s":{"0":8,"1":8,"2":0,"3":8,"4":8,"5":8,"6":8,"7":8,"8":8,"9":8,"10":8},"f":{"0":0},"b":{}}
,"/home/ricardo/Desktop/testes/ContaS/vagas/src/core/errors/AppError.ts": {"path":"/home/ricardo/Desktop/testes/ContaS/vagas/src/core/errors/AppError.ts","statementMap":{"0":{"start":{"line":7,"column":4},"end":{"line":7,"column":null}},"1":{"start":{"line":8,"column":4},"end":{"line":8,"column":null}},"2":{"start":{"line":9,"column":4},"end":{"line":9,"column":null}}},"fnMap":{"0":{"name":"(anonymous_0)","decl":{"start":{"line":6,"column":2},"end":{"line":6,"column":14}},"loc":{"start":{"line":6,"column":49},"end":{"line":10,"column":null}}}},"branchMap":{"0":{"loc":{"start":{"line":6,"column":31},"end":{"line":6,"column":49}},"type":"default-arg","locations":[{"start":{"line":6,"column":44},"end":{"line":6,"column":49}}]}},"s":{"0":7,"1":7,"2":7},"f":{"0":7},"b":{"0":[0]}}
,"/home/ricardo/Desktop/testes/ContaS/vagas/src/core/errors/HandleErrors.ts": {"path":"/home/ricardo/Desktop/testes/ContaS/vagas/src/core/errors/HandleErrors.ts","statementMap":{"0":{"start":{"line":13,"column":2},"end":{"line":27,"column":null}},"1":{"start":{"line":20,"column":21},"end":{"line":24,"column":null}},"2":{"start":{"line":26,"column":4},"end":{"line":26,"column":null}},"3":{"start":{"line":29,"column":2},"end":{"line":45,"column":null}},"4":{"start":{"line":30,"column":19},"end":{"line":36,"column":null}},"5":{"start":{"line":32,"column":39},"end":{"line":35,"column":8}},"6":{"start":{"line":37,"column":21},"end":{"line":42,"column":null}},"7":{"start":{"line":44,"column":4},"end":{"line":44,"column":null}},"8":{"start":{"line":47,"column":19},"end":{"line":52,"column":null}},"9":{"start":{"line":54,"column":2},"end":{"line":54,"column":null}}},"fnMap":{"0":{"name":"HandleErrors","decl":{"start":{"line":12,"column":16},"end":{"line":12,"column":29}},"loc":{"start":{"line":12,"column":58},"end":{"line":55,"column":null}}},"1":{"name":"(anonymous_1)","decl":{"start":{"line":32,"column":29},"end":{"line":32,"column":30}},"loc":{"start":{"line":32,"column":39},"end":{"line":35,"column":8}}}},"branchMap":{"0":{"loc":{"start":{"line":13,"column":2},"end":{"line":27,"column":null}},"type":"if","locations":[{"start":{"line":13,"column":2},"end":{"line":27,"column":null}},{"start":{"line":13,"column":2},"end":{"line":27,"column":null}}]},"1":{"loc":{"start":{"line":14,"column":4},"end":{"line":18,"column":null}},"type":"binary-expr","locations":[{"start":{"line":14,"column":4},"end":{"line":14,"column":null}},{"start":{"line":15,"column":4},"end":{"line":15,"column":null}},{"start":{"line":16,"column":4},"end":{"line":16,"column":null}},{"start":{"line":17,"column":4},"end":{"line":17,"column":null}},{"start":{"line":18,"column":4},"end":{"line":18,"column":null}}]},"2":{"loc":{"start":{"line":29,"column":2},"end":{"line":45,"column":null}},"type":"if","locations":[{"start":{"line":29,"column":2},"end":{"line":45,"column":null}},{"start":{"line":29,"column":2},"end":{"line":45,"column":null}}]}},"s":{"0":4,"1":4,"2":4,"3":0,"4":0,"5":0,"6":0,"7":0,"8":0,"9":0},"f":{"0":4,"1":0},"b":{"0":[4,0],"1":[4,4,4,3,3],"2":[0,0]}}
,"/home/ricardo/Desktop/testes/ContaS/vagas/src/core/errors/InvalidCredentialsError.ts": {"path":"/home/ricardo/Desktop/testes/ContaS/vagas/src/core/errors/InvalidCredentialsError.ts","statementMap":{"0":{"start":{"line":5,"column":4},"end":{"line":5,"column":null}},"1":{"start":{"line":6,"column":4},"end":{"line":6,"column":null}}},"fnMap":{"0":{"name":"(anonymous_0)","decl":{"start":{"line":4,"column":2},"end":{"line":4,"column":16}},"loc":{"start":{"line":4,"column":16},"end":{"line":7,"column":null}}}},"branchMap":{},"s":{"0":1,"1":1},"f":{"0":1},"b":{}}
,"/home/ricardo/Desktop/testes/ContaS/vagas/src/core/errors/ResourceNotFoundError.ts": {"path":"/home/ricardo/Desktop/testes/ContaS/vagas/src/core/errors/ResourceNotFoundError.ts","statementMap":{"0":{"start":{"line":5,"column":4},"end":{"line":5,"column":null}},"1":{"start":{"line":6,"column":4},"end":{"line":6,"column":null}}},"fnMap":{"0":{"name":"(anonymous_0)","decl":{"start":{"line":4,"column":2},"end":{"line":4,"column":16}},"loc":{"start":{"line":4,"column":16},"end":{"line":7,"column":null}}}},"branchMap":{},"s":{"0":2,"1":2},"f":{"0":2},"b":{}}
,"/home/ricardo/Desktop/testes/ContaS/vagas/src/core/errors/TokenMissingError.ts": {"path":"/home/ricardo/Desktop/testes/ContaS/vagas/src/core/errors/TokenMissingError.ts","statementMap":{"0":{"start":{"line":5,"column":4},"end":{"line":5,"column":null}},"1":{"start":{"line":6,"column":4},"end":{"line":6,"column":null}}},"fnMap":{"0":{"name":"(anonymous_0)","decl":{"start":{"line":4,"column":2},"end":{"line":4,"column":16}},"loc":{"start":{"line":4,"column":16},"end":{"line":7,"column":null}}}},"branchMap":{},"s":{"0":0,"1":0},"f":{"0":0},"b":{}}
,"/home/ricardo/Desktop/testes/ContaS/vagas/src/core/errors/UnauthorizedActionError.ts": {"path":"/home/ricardo/Desktop/testes/ContaS/vagas/src/core/errors/UnauthorizedActionError.ts","statementMap":{"0":{"start":{"line":5,"column":4},"end":{"line":5,"column":null}},"1":{"start":{"line":6,"column":4},"end":{"line":6,"column":null}}},"fnMap":{"0":{"name":"(anonymous_0)","decl":{"start":{"line":4,"column":2},"end":{"line":4,"column":16}},"loc":{"start":{"line":4,"column":16},"end":{"line":7,"column":null}}}},"branchMap":{},"s":{"0":3,"1":3},"f":{"0":3},"b":{}}
,"/home/ricardo/Desktop/testes/ContaS/vagas/src/core/errors/UserNameAlreadyExistError.ts": {"path":"/home/ricardo/Desktop/testes/ContaS/vagas/src/core/errors/UserNameAlreadyExistError.ts","statementMap":{"0":{"start":{"line":5,"column":4},"end":{"line":5,"column":null}},"1":{"start":{"line":6,"column":4},"end":{"line":6,"column":null}}},"fnMap":{"0":{"name":"(anonymous_0)","decl":{"start":{"line":4,"column":2},"end":{"line":4,"column":16}},"loc":{"start":{"line":4,"column":16},"end":{"line":7,"column":null}}}},"branchMap":{},"s":{"0":1,"1":1},"f":{"0":1},"b":{}}
,"/home/ricardo/Desktop/testes/ContaS/vagas/src/core/factories/responseFactory.ts": {"path":"/home/ricardo/Desktop/testes/ContaS/vagas/src/core/factories/responseFactory.ts","statementMap":{"0":{"start":{"line":16,"column":19},"end":{"line":22,"column":null}},"1":{"start":{"line":24,"column":2},"end":{"line":24,"column":null}}},"fnMap":{"0":{"name":"responseFactory","decl":{"start":{"line":9,"column":16},"end":{"line":9,"column":77}},"loc":{"start":{"line":15,"column":57},"end":{"line":25,"column":null}}}},"branchMap":{},"s":{"0":26,"1":26},"f":{"0":26},"b":{}}
,"/home/ricardo/Desktop/testes/ContaS/vagas/src/core/middlewares/ensureAdmin.ts": {"path":"/home/ricardo/Desktop/testes/ContaS/vagas/src/core/middlewares/ensureAdmin.ts","statementMap":{"0":{"start":{"line":13,"column":17},"end":{"line":13,"column":null}},"1":{"start":{"line":15,"column":2},"end":{"line":28,"column":null}},"2":{"start":{"line":16,"column":44},"end":{"line":18,"column":null}},"3":{"start":{"line":19,"column":17},"end":{"line":19,"column":null}},"4":{"start":{"line":21,"column":4},"end":{"line":23,"column":null}},"5":{"start":{"line":22,"column":6},"end":{"line":22,"column":null}},"6":{"start":{"line":25,"column":4},"end":{"line":25,"column":null}},"7":{"start":{"line":27,"column":4},"end":{"line":27,"column":null}}},"fnMap":{"0":{"name":"ensureAdmin","decl":{"start":{"line":8,"column":22},"end":{"line":8,"column":null}},"loc":{"start":{"line":12,"column":2},"end":{"line":29,"column":null}}}},"branchMap":{"0":{"loc":{"start":{"line":21,"column":4},"end":{"line":23,"column":null}},"type":"if","locations":[{"start":{"line":21,"column":4},"end":{"line":23,"column":null}},{"start":{"line":21,"column":4},"end":{"line":23,"column":null}}]}},"s":{"0":2,"1":2,"2":2,"3":2,"4":2,"5":1,"6":1,"7":1},"f":{"0":2},"b":{"0":[1,1]}}
,"/home/ricardo/Desktop/testes/ContaS/vagas/src/core/middlewares/ensureAuthenticated.ts": {"path":"/home/ricardo/Desktop/testes/ContaS/vagas/src/core/middlewares/ensureAuthenticated.ts","statementMap":{"0":{"start":{"line":17,"column":21},"end":{"line":17,"column":null}},"1":{"start":{"line":19,"column":2},"end":{"line":21,"column":null}},"2":{"start":{"line":20,"column":4},"end":{"line":20,"column":null}},"3":{"start":{"line":23,"column":20},"end":{"line":23,"column":null}},"4":{"start":{"line":25,"column":2},"end":{"line":35,"column":null}},"5":{"start":{"line":26,"column":28},"end":{"line":26,"column":null}},"6":{"start":{"line":28,"column":4},"end":{"line":30,"column":null}},"7":{"start":{"line":32,"column":4},"end":{"line":32,"column":null}},"8":{"start":{"line":34,"column":4},"end":{"line":34,"column":null}}},"fnMap":{"0":{"name":"ensureAuthenticated","decl":{"start":{"line":12,"column":22},"end":{"line":12,"column":null}},"loc":{"start":{"line":16,"column":2},"end":{"line":36,"column":null}}}},"branchMap":{"0":{"loc":{"start":{"line":19,"column":2},"end":{"line":21,"column":null}},"type":"if","locations":[{"start":{"line":19,"column":2},"end":{"line":21,"column":null}},{"start":{"line":19,"column":2},"end":{"line":21,"column":null}}]}},"s":{"0":8,"1":8,"2":0,"3":8,"4":8,"5":8,"6":8,"7":8,"8":0},"f":{"0":8},"b":{"0":[0,8]}}
,"/home/ricardo/Desktop/testes/ContaS/vagas/src/core/middlewares/ensurePermission.ts": {"path":"/home/ricardo/Desktop/testes/ContaS/vagas/src/core/middlewares/ensurePermission.ts","statementMap":{"0":{"start":{"line":13,"column":17},"end":{"line":13,"column":null}},"1":{"start":{"line":15,"column":2},"end":{"line":32,"column":null}},"2":{"start":{"line":16,"column":44},"end":{"line":18,"column":null}},"3":{"start":{"line":19,"column":17},"end":{"line":19,"column":null}},"4":{"start":{"line":21,"column":4},"end":{"line":23,"column":null}},"5":{"start":{"line":22,"column":6},"end":{"line":22,"column":null}},"6":{"start":{"line":25,"column":4},"end":{"line":27,"column":null}},"7":{"start":{"line":26,"column":6},"end":{"line":26,"column":null}},"8":{"start":{"line":29,"column":4},"end":{"line":29,"column":null}},"9":{"start":{"line":31,"column":4},"end":{"line":31,"column":null}}},"fnMap":{"0":{"name":"ensurePermissions","decl":{"start":{"line":8,"column":22},"end":{"line":8,"column":null}},"loc":{"start":{"line":12,"column":2},"end":{"line":33,"column":null}}}},"branchMap":{"0":{"loc":{"start":{"line":21,"column":4},"end":{"line":23,"column":null}},"type":"if","locations":[{"start":{"line":21,"column":4},"end":{"line":23,"column":null}},{"start":{"line":21,"column":4},"end":{"line":23,"column":null}}]},"1":{"loc":{"start":{"line":21,"column":8},"end":{"line":21,"column":66}},"type":"binary-expr","locations":[{"start":{"line":21,"column":8},"end":{"line":21,"column":36}},{"start":{"line":21,"column":36},"end":{"line":21,"column":66}}]},"2":{"loc":{"start":{"line":25,"column":4},"end":{"line":27,"column":null}},"type":"if","locations":[{"start":{"line":25,"column":4},"end":{"line":27,"column":null}},{"start":{"line":25,"column":4},"end":{"line":27,"column":null}}]},"3":{"loc":{"start":{"line":25,"column":8},"end":{"line":25,"column":69}},"type":"binary-expr","locations":[{"start":{"line":25,"column":8},"end":{"line":25,"column":39}},{"start":{"line":25,"column":39},"end":{"line":25,"column":69}}]}},"s":{"0":7,"1":7,"2":7,"3":7,"4":7,"5":1,"6":6,"7":1,"8":5,"9":2},"f":{"0":7},"b":{"0":[1,6],"1":[7,4],"2":[1,5],"3":[6,3]}}
,"/home/ricardo/Desktop/testes/ContaS/vagas/src/core/utils/passwordHashing.ts": {"path":"/home/ricardo/Desktop/testes/ContaS/vagas/src/core/utils/passwordHashing.ts","statementMap":{"0":{"start":{"line":4,"column":25},"end":{"line":4,"column":null}},"1":{"start":{"line":6,"column":2},"end":{"line":6,"column":null}}},"fnMap":{"0":{"name":"passwordHashing","decl":{"start":{"line":3,"column":22},"end":{"line":3,"column":38}},"loc":{"start":{"line":3,"column":73},"end":{"line":7,"column":null}}}},"branchMap":{},"s":{"0":25,"1":25},"f":{"0":25},"b":{}}
,"/home/ricardo/Desktop/testes/ContaS/vagas/src/modules/admin/update-user-permissions/UpdateUserPermissionsController.ts": {"path":"/home/ricardo/Desktop/testes/ContaS/vagas/src/modules/admin/update-user-permissions/UpdateUserPermissionsController.ts","statementMap":{"0":{"start":{"line":15,"column":24},"end":{"line":20,"column":null}},"1":{"start":{"line":22,"column":2},"end":{"line":68,"column":null}},"2":{"start":{"line":23,"column":50},"end":{"line":26,"column":null}},"3":{"start":{"line":28,"column":21},"end":{"line":34,"column":null}},"4":{"start":{"line":36,"column":41},"end":{"line":38,"column":null}},"5":{"start":{"line":40,"column":24},"end":{"line":43,"column":null}},"6":{"start":{"line":45,"column":4},"end":{"line":45,"column":null}},"7":{"start":{"line":47,"column":21},"end":{"line":63,"column":null}},"8":{"start":{"line":65,"column":4},"end":{"line":65,"column":null}},"9":{"start":{"line":67,"column":4},"end":{"line":67,"column":null}}},"fnMap":{"0":{"name":"UpdateUserPermissionsController","decl":{"start":{"line":11,"column":22},"end":{"line":11,"column":null}},"loc":{"start":{"line":14,"column":2},"end":{"line":69,"column":null}}}},"branchMap":{"0":{"loc":{"start":{"line":29,"column":15},"end":{"line":29,"column":null}},"type":"binary-expr","locations":[{"start":{"line":29,"column":15},"end":{"line":29,"column":26}},{"start":{"line":29,"column":26},"end":{"line":29,"column":null}}]},"1":{"loc":{"start":{"line":31,"column":19},"end":{"line":31,"column":null}},"type":"binary-expr","locations":[{"start":{"line":31,"column":19},"end":{"line":31,"column":32}},{"start":{"line":31,"column":32},"end":{"line":31,"column":null}}]},"2":{"loc":{"start":{"line":32,"column":19},"end":{"line":32,"column":null}},"type":"binary-expr","locations":[{"start":{"line":32,"column":19},"end":{"line":32,"column":32}},{"start":{"line":32,"column":32},"end":{"line":32,"column":null}}]}},"s":{"0":1,"1":1,"2":1,"3":1,"4":1,"5":1,"6":1,"7":1,"8":1,"9":0},"f":{"0":1},"b":{"0":[1,0],"1":[1,0],"2":[1,0]}}
,"/home/ricardo/Desktop/testes/ContaS/vagas/src/modules/admin/update-user-permissions/UpdateUserPermissionsUseCase.ts": {"path":"/home/ricardo/Desktop/testes/ContaS/vagas/src/modules/admin/update-user-permissions/UpdateUserPermissionsUseCase.ts","statementMap":{"0":{"start":{"line":12,"column":7},"end":{"line":27,"column":null}},"1":{"start":{"line":15,"column":12},"end":{"line":15,"column":null}},"2":{"start":{"line":19,"column":17},"end":{"line":19,"column":null}},"3":{"start":{"line":21,"column":4},"end":{"line":23,"column":null}},"4":{"start":{"line":22,"column":6},"end":{"line":22,"column":null}},"5":{"start":{"line":25,"column":4},"end":{"line":25,"column":null}},"6":{"start":{"line":12,"column":13},"end":{"line":12,"column":42}}},"fnMap":{"0":{"name":"(anonymous_3)","decl":{"start":{"line":13,"column":2},"end":{"line":13,"column":null}},"loc":{"start":{"line":16,"column":4},"end":{"line":16,"column":null}}},"1":{"name":"(anonymous_4)","decl":{"start":{"line":18,"column":2},"end":{"line":18,"column":8}},"loc":{"start":{"line":18,"column":67},"end":{"line":26,"column":null}}}},"branchMap":{"0":{"loc":{"start":{"line":21,"column":4},"end":{"line":23,"column":null}},"type":"if","locations":[{"start":{"line":21,"column":4},"end":{"line":23,"column":null}},{"start":{"line":21,"column":4},"end":{"line":23,"column":null}}]}},"s":{"0":9,"1":2,"2":2,"3":2,"4":0,"5":2,"6":9},"f":{"0":2,"1":2},"b":{"0":[0,2]}}
,"/home/ricardo/Desktop/testes/ContaS/vagas/src/modules/metrics/get-metrics/GetMetricsController.ts": {"path":"/home/ricardo/Desktop/testes/ContaS/vagas/src/modules/metrics/get-metrics/GetMetricsController.ts","statementMap":{"0":{"start":{"line":9,"column":2},"end":{"line":26,"column":null}},"1":{"start":{"line":10,"column":30},"end":{"line":10,"column":null}},"2":{"start":{"line":12,"column":20},"end":{"line":12,"column":null}},"3":{"start":{"line":14,"column":21},"end":{"line":21,"column":null}},"4":{"start":{"line":23,"column":4},"end":{"line":23,"column":null}},"5":{"start":{"line":25,"column":4},"end":{"line":25,"column":null}}},"fnMap":{"0":{"name":"GetMetricsController","decl":{"start":{"line":8,"column":22},"end":{"line":8,"column":43}},"loc":{"start":{"line":8,"column":72},"end":{"line":27,"column":null}}}},"branchMap":{},"s":{"0":1,"1":1,"2":1,"3":1,"4":1,"5":0},"f":{"0":1},"b":{}}
,"/home/ricardo/Desktop/testes/ContaS/vagas/src/modules/metrics/get-metrics/GetMetricsUseCase.ts": {"path":"/home/ricardo/Desktop/testes/ContaS/vagas/src/modules/metrics/get-metrics/GetMetricsUseCase.ts","statementMap":{"0":{"start":{"line":6,"column":7},"end":{"line":19,"column":null}},"1":{"start":{"line":9,"column":12},"end":{"line":9,"column":null}},"2":{"start":{"line":13,"column":20},"end":{"line":13,"column":null}},"3":{"start":{"line":15,"column":4},"end":{"line":15,"column":null}},"4":{"start":{"line":15,"column":18},"end":{"line":15,"column":null}},"5":{"start":{"line":17,"column":4},"end":{"line":17,"column":null}},"6":{"start":{"line":6,"column":13},"end":{"line":6,"column":31}}},"fnMap":{"0":{"name":"(anonymous_3)","decl":{"start":{"line":7,"column":2},"end":{"line":7,"column":null}},"loc":{"start":{"line":10,"column":4},"end":{"line":10,"column":null}}},"1":{"name":"(anonymous_4)","decl":{"start":{"line":12,"column":2},"end":{"line":12,"column":8}},"loc":{"start":{"line":12,"column":38},"end":{"line":18,"column":null}}}},"branchMap":{"0":{"loc":{"start":{"line":15,"column":4},"end":{"line":15,"column":null}},"type":"if","locations":[{"start":{"line":15,"column":4},"end":{"line":15,"column":null}},{"start":{"line":15,"column":4},"end":{"line":15,"column":null}}]}},"s":{"0":9,"1":2,"2":2,"3":2,"4":0,"5":2,"6":9},"f":{"0":2,"1":2},"b":{"0":[0,2]}}
,"/home/ricardo/Desktop/testes/ContaS/vagas/src/modules/sessions/use-cases/authenticate-user/AuthenticateUserController.ts": {"path":"/home/ricardo/Desktop/testes/ContaS/vagas/src/modules/sessions/use-cases/authenticate-user/AuthenticateUserController.ts","statementMap":{"0":{"start":{"line":15,"column":24},"end":{"line":18,"column":null}},"1":{"start":{"line":20,"column":2},"end":{"line":39,"column":null}},"2":{"start":{"line":21,"column":31},"end":{"line":21,"column":null}},"3":{"start":{"line":23,"column":36},"end":{"line":23,"column":null}},"4":{"start":{"line":25,"column":18},"end":{"line":25,"column":null}},"5":{"start":{"line":27,"column":21},"end":{"line":34,"column":null}},"6":{"start":{"line":36,"column":4},"end":{"line":36,"column":null}},"7":{"start":{"line":38,"column":4},"end":{"line":38,"column":null}}},"fnMap":{"0":{"name":"AuthenticateUserController","decl":{"start":{"line":10,"column":22},"end":{"line":10,"column":null}},"loc":{"start":{"line":14,"column":2},"end":{"line":40,"column":null}}}},"branchMap":{},"s":{"0":14,"1":14,"2":14,"3":14,"4":14,"5":13,"6":13,"7":1},"f":{"0":14},"b":{}}
,"/home/ricardo/Desktop/testes/ContaS/vagas/src/modules/sessions/use-cases/authenticate-user/AuthenticateUserUseCase.ts": {"path":"/home/ricardo/Desktop/testes/ContaS/vagas/src/modules/sessions/use-cases/authenticate-user/AuthenticateUserUseCase.ts","statementMap":{"0":{"start":{"line":11,"column":7},"end":{"line":39,"column":null}},"1":{"start":{"line":14,"column":12},"end":{"line":14,"column":null}},"2":{"start":{"line":18,"column":17},"end":{"line":18,"column":null}},"3":{"start":{"line":20,"column":47},"end":{"line":20,"column":null}},"4":{"start":{"line":22,"column":4},"end":{"line":24,"column":null}},"5":{"start":{"line":23,"column":6},"end":{"line":23,"column":null}},"6":{"start":{"line":26,"column":26},"end":{"line":26,"column":null}},"7":{"start":{"line":28,"column":4},"end":{"line":30,"column":null}},"8":{"start":{"line":29,"column":6},"end":{"line":29,"column":null}},"9":{"start":{"line":32,"column":18},"end":{"line":35,"column":null}},"10":{"start":{"line":37,"column":4},"end":{"line":37,"column":null}},"11":{"start":{"line":11,"column":13},"end":{"line":11,"column":37}}},"fnMap":{"0":{"name":"(anonymous_3)","decl":{"start":{"line":12,"column":2},"end":{"line":12,"column":null}},"loc":{"start":{"line":15,"column":4},"end":{"line":15,"column":null}}},"1":{"name":"(anonymous_4)","decl":{"start":{"line":17,"column":2},"end":{"line":17,"column":8}},"loc":{"start":{"line":17,"column":48},"end":{"line":38,"column":null}}}},"branchMap":{"0":{"loc":{"start":{"line":22,"column":4},"end":{"line":24,"column":null}},"type":"if","locations":[{"start":{"line":22,"column":4},"end":{"line":24,"column":null}},{"start":{"line":22,"column":4},"end":{"line":24,"column":null}}]},"1":{"loc":{"start":{"line":28,"column":4},"end":{"line":30,"column":null}},"type":"if","locations":[{"start":{"line":28,"column":4},"end":{"line":30,"column":null}},{"start":{"line":28,"column":4},"end":{"line":30,"column":null}}]}},"s":{"0":9,"1":15,"2":15,"3":15,"4":15,"5":1,"6":14,"7":14,"8":0,"9":14,"10":14,"11":9},"f":{"0":15,"1":15},"b":{"0":[1,14],"1":[0,14]}}
,"/home/ricardo/Desktop/testes/ContaS/vagas/src/modules/users/use-cases/create-user/CreateUserController.ts": {"path":"/home/ricardo/Desktop/testes/ContaS/vagas/src/modules/users/use-cases/create-user/CreateUserController.ts","statementMap":{"0":{"start":{"line":15,"column":24},"end":{"line":19,"column":null}},"1":{"start":{"line":21,"column":2},"end":{"line":54,"column":null}},"2":{"start":{"line":22,"column":36},"end":{"line":22,"column":null}},"3":{"start":{"line":24,"column":30},"end":{"line":24,"column":null}},"4":{"start":{"line":26,"column":24},"end":{"line":31,"column":null}},"5":{"start":{"line":33,"column":21},"end":{"line":49,"column":null}},"6":{"start":{"line":51,"column":4},"end":{"line":51,"column":null}},"7":{"start":{"line":53,"column":4},"end":{"line":53,"column":null}}},"fnMap":{"0":{"name":"CreateUserController","decl":{"start":{"line":10,"column":22},"end":{"line":10,"column":null}},"loc":{"start":{"line":14,"column":2},"end":{"line":55,"column":null}}}},"branchMap":{},"s":{"0":1,"1":1,"2":1,"3":1,"4":1,"5":1,"6":1,"7":0},"f":{"0":1},"b":{}}
,"/home/ricardo/Desktop/testes/ContaS/vagas/src/modules/users/use-cases/create-user/CreateUserUseCase.ts": {"path":"/home/ricardo/Desktop/testes/ContaS/vagas/src/modules/users/use-cases/create-user/CreateUserUseCase.ts","statementMap":{"0":{"start":{"line":13,"column":7},"end":{"line":40,"column":null}},"1":{"start":{"line":16,"column":12},"end":{"line":16,"column":null}},"2":{"start":{"line":20,"column":27},"end":{"line":20,"column":null}},"3":{"start":{"line":22,"column":29},"end":{"line":22,"column":null}},"4":{"start":{"line":24,"column":4},"end":{"line":26,"column":null}},"5":{"start":{"line":25,"column":6},"end":{"line":25,"column":null}},"6":{"start":{"line":28,"column":17},"end":{"line":36,"column":null}},"7":{"start":{"line":38,"column":4},"end":{"line":38,"column":null}},"8":{"start":{"line":13,"column":13},"end":{"line":13,"column":31}}},"fnMap":{"0":{"name":"(anonymous_3)","decl":{"start":{"line":14,"column":2},"end":{"line":14,"column":null}},"loc":{"start":{"line":17,"column":4},"end":{"line":17,"column":null}}},"1":{"name":"(anonymous_4)","decl":{"start":{"line":19,"column":2},"end":{"line":19,"column":8}},"loc":{"start":{"line":19,"column":46},"end":{"line":39,"column":null}}}},"branchMap":{"0":{"loc":{"start":{"line":24,"column":4},"end":{"line":26,"column":null}},"type":"if","locations":[{"start":{"line":24,"column":4},"end":{"line":26,"column":null}},{"start":{"line":24,"column":4},"end":{"line":26,"column":null}}]},"1":{"loc":{"start":{"line":33,"column":19},"end":{"line":33,"column":null}},"type":"binary-expr","locations":[{"start":{"line":33,"column":19},"end":{"line":33,"column":50}},{"start":{"line":33,"column":50},"end":{"line":33,"column":null}}]},"2":{"loc":{"start":{"line":34,"column":19},"end":{"line":34,"column":null}},"type":"binary-expr","locations":[{"start":{"line":34,"column":19},"end":{"line":34,"column":50}},{"start":{"line":34,"column":50},"end":{"line":34,"column":null}}]}},"s":{"0":9,"1":4,"2":5,"3":5,"4":5,"5":1,"6":4,"7":4,"8":9},"f":{"0":4,"1":5},"b":{"0":[1,4],"1":[4,4],"2":[4,4]}}
,"/home/ricardo/Desktop/testes/ContaS/vagas/src/modules/users/use-cases/delete-user/DeleteUserController.ts": {"path":"/home/ricardo/Desktop/testes/ContaS/vagas/src/modules/users/use-cases/delete-user/DeleteUserController.ts","statementMap":{"0":{"start":{"line":11,"column":24},"end":{"line":13,"column":null}},"1":{"start":{"line":15,"column":17},"end":{"line":15,"column":null}},"2":{"start":{"line":17,"column":2},"end":{"line":31,"column":null}},"3":{"start":{"line":18,"column":30},"end":{"line":18,"column":null}},"4":{"start":{"line":20,"column":4},"end":{"line":20,"column":null}},"5":{"start":{"line":22,"column":21},"end":{"line":26,"column":null}},"6":{"start":{"line":28,"column":4},"end":{"line":28,"column":null}},"7":{"start":{"line":30,"column":4},"end":{"line":30,"column":null}}},"fnMap":{"0":{"name":"DeleteUserController","decl":{"start":{"line":10,"column":22},"end":{"line":10,"column":43}},"loc":{"start":{"line":10,"column":72},"end":{"line":32,"column":null}}}},"branchMap":{},"s":{"0":2,"1":2,"2":2,"3":2,"4":2,"5":2,"6":2,"7":0},"f":{"0":2},"b":{}}
,"/home/ricardo/Desktop/testes/ContaS/vagas/src/modules/users/use-cases/delete-user/DeleteUserUseCase.ts": {"path":"/home/ricardo/Desktop/testes/ContaS/vagas/src/modules/users/use-cases/delete-user/DeleteUserUseCase.ts","statementMap":{"0":{"start":{"line":8,"column":7},"end":{"line":23,"column":null}},"1":{"start":{"line":11,"column":12},"end":{"line":11,"column":null}},"2":{"start":{"line":15,"column":22},"end":{"line":15,"column":null}},"3":{"start":{"line":17,"column":4},"end":{"line":19,"column":null}},"4":{"start":{"line":18,"column":6},"end":{"line":18,"column":null}},"5":{"start":{"line":21,"column":4},"end":{"line":21,"column":null}},"6":{"start":{"line":8,"column":13},"end":{"line":8,"column":31}}},"fnMap":{"0":{"name":"(anonymous_3)","decl":{"start":{"line":9,"column":2},"end":{"line":9,"column":null}},"loc":{"start":{"line":12,"column":4},"end":{"line":12,"column":null}}},"1":{"name":"(anonymous_4)","decl":{"start":{"line":14,"column":2},"end":{"line":14,"column":8}},"loc":{"start":{"line":14,"column":43},"end":{"line":22,"column":null}}}},"branchMap":{"0":{"loc":{"start":{"line":17,"column":4},"end":{"line":19,"column":null}},"type":"if","locations":[{"start":{"line":17,"column":4},"end":{"line":19,"column":null}},{"start":{"line":17,"column":4},"end":{"line":19,"column":null}}]}},"s":{"0":9,"1":4,"2":4,"3":4,"4":1,"5":3,"6":9},"f":{"0":4,"1":4},"b":{"0":[1,3]}}
,"/home/ricardo/Desktop/testes/ContaS/vagas/src/modules/users/use-cases/get-user/GetUserController.ts": {"path":"/home/ricardo/Desktop/testes/ContaS/vagas/src/modules/users/use-cases/get-user/GetUserController.ts","statementMap":{"0":{"start":{"line":11,"column":24},"end":{"line":13,"column":null}},"1":{"start":{"line":15,"column":2},"end":{"line":43,"column":null}},"2":{"start":{"line":16,"column":21},"end":{"line":16,"column":null}},"3":{"start":{"line":18,"column":27},"end":{"line":18,"column":null}},"4":{"start":{"line":20,"column":17},"end":{"line":20,"column":null}},"5":{"start":{"line":22,"column":21},"end":{"line":38,"column":null}},"6":{"start":{"line":40,"column":4},"end":{"line":40,"column":null}},"7":{"start":{"line":42,"column":4},"end":{"line":42,"column":null}}},"fnMap":{"0":{"name":"GetUserController","decl":{"start":{"line":10,"column":22},"end":{"line":10,"column":40}},"loc":{"start":{"line":10,"column":69},"end":{"line":44,"column":null}}}},"branchMap":{},"s":{"0":1,"1":1,"2":1,"3":1,"4":1,"5":1,"6":1,"7":0},"f":{"0":1},"b":{}}
,"/home/ricardo/Desktop/testes/ContaS/vagas/src/modules/users/use-cases/get-user/GetUserUseCase.ts": {"path":"/home/ricardo/Desktop/testes/ContaS/vagas/src/modules/users/use-cases/get-user/GetUserUseCase.ts","statementMap":{"0":{"start":{"line":8,"column":7},"end":{"line":23,"column":null}},"1":{"start":{"line":11,"column":12},"end":{"line":11,"column":null}},"2":{"start":{"line":15,"column":17},"end":{"line":15,"column":null}},"3":{"start":{"line":17,"column":4},"end":{"line":19,"column":null}},"4":{"start":{"line":18,"column":6},"end":{"line":18,"column":null}},"5":{"start":{"line":21,"column":4},"end":{"line":21,"column":null}},"6":{"start":{"line":8,"column":13},"end":{"line":8,"column":28}}},"fnMap":{"0":{"name":"(anonymous_3)","decl":{"start":{"line":9,"column":2},"end":{"line":9,"column":null}},"loc":{"start":{"line":12,"column":4},"end":{"line":12,"column":null}}},"1":{"name":"(anonymous_4)","decl":{"start":{"line":14,"column":2},"end":{"line":14,"column":8}},"loc":{"start":{"line":14,"column":45},"end":{"line":22,"column":null}}}},"branchMap":{"0":{"loc":{"start":{"line":17,"column":4},"end":{"line":19,"column":null}},"type":"if","locations":[{"start":{"line":17,"column":4},"end":{"line":19,"column":null}},{"start":{"line":17,"column":4},"end":{"line":19,"column":null}}]}},"s":{"0":9,"1":3,"2":3,"3":3,"4":1,"5":2,"6":9},"f":{"0":3,"1":3},"b":{"0":[1,2]}}
,"/home/ricardo/Desktop/testes/ContaS/vagas/src/modules/users/use-cases/get-users/GetUsersController.ts": {"path":"/home/ricardo/Desktop/testes/ContaS/vagas/src/modules/users/use-cases/get-users/GetUsersController.ts","statementMap":{"0":{"start":{"line":10,"column":2},"end":{"line":42,"column":null}},"1":{"start":{"line":11,"column":28},"end":{"line":11,"column":null}},"2":{"start":{"line":13,"column":19},"end":{"line":13,"column":null}},"3":{"start":{"line":15,"column":18},"end":{"line":28,"column":null}},"4":{"start":{"line":16,"column":18},"end":{"line":25,"column":null}},"5":{"start":{"line":27,"column":6},"end":{"line":27,"column":null}},"6":{"start":{"line":30,"column":21},"end":{"line":37,"column":null}},"7":{"start":{"line":39,"column":4},"end":{"line":39,"column":null}},"8":{"start":{"line":41,"column":4},"end":{"line":41,"column":null}}},"fnMap":{"0":{"name":"GetUsersController","decl":{"start":{"line":9,"column":22},"end":{"line":9,"column":41}},"loc":{"start":{"line":9,"column":70},"end":{"line":43,"column":null}}},"1":{"name":"(anonymous_1)","decl":{"start":{"line":15,"column":29},"end":{"line":15,"column":30}},"loc":{"start":{"line":15,"column":39},"end":{"line":28,"column":5}}}},"branchMap":{},"s":{"0":1,"1":1,"2":1,"3":1,"4":2,"5":2,"6":1,"7":1,"8":0},"f":{"0":1,"1":2},"b":{}}
,"/home/ricardo/Desktop/testes/ContaS/vagas/src/modules/users/use-cases/get-users/GetUsersUseCase.ts": {"path":"/home/ricardo/Desktop/testes/ContaS/vagas/src/modules/users/use-cases/get-users/GetUsersUseCase.ts","statementMap":{"0":{"start":{"line":6,"column":7},"end":{"line":19,"column":null}},"1":{"start":{"line":9,"column":12},"end":{"line":9,"column":null}},"2":{"start":{"line":13,"column":18},"end":{"line":13,"column":null}},"3":{"start":{"line":15,"column":4},"end":{"line":15,"column":null}},"4":{"start":{"line":15,"column":16},"end":{"line":15,"column":null}},"5":{"start":{"line":17,"column":4},"end":{"line":17,"column":null}},"6":{"start":{"line":6,"column":13},"end":{"line":6,"column":29}}},"fnMap":{"0":{"name":"(anonymous_3)","decl":{"start":{"line":7,"column":2},"end":{"line":7,"column":null}},"loc":{"start":{"line":10,"column":4},"end":{"line":10,"column":null}}},"1":{"name":"(anonymous_4)","decl":{"start":{"line":12,"column":2},"end":{"line":12,"column":8}},"loc":{"start":{"line":12,"column":35},"end":{"line":18,"column":null}}}},"branchMap":{"0":{"loc":{"start":{"line":15,"column":4},"end":{"line":15,"column":null}},"type":"if","locations":[{"start":{"line":15,"column":4},"end":{"line":15,"column":null}},{"start":{"line":15,"column":4},"end":{"line":15,"column":null}}]}},"s":{"0":9,"1":2,"2":2,"3":2,"4":0,"5":2,"6":9},"f":{"0":2,"1":2},"b":{"0":[0,2]}}
,"/home/ricardo/Desktop/testes/ContaS/vagas/src/modules/users/use-cases/update-user/UpdateUserController.ts": {"path":"/home/ricardo/Desktop/testes/ContaS/vagas/src/modules/users/use-cases/update-user/UpdateUserController.ts","statementMap":{"0":{"start":{"line":13,"column":24},"end":{"line":18,"column":null}},"1":{"start":{"line":20,"column":28},"end":{"line":22,"column":null}},"2":{"start":{"line":24,"column":2},"end":{"line":74,"column":null}},"3":{"start":{"line":25,"column":40},"end":{"line":25,"column":null}},"4":{"start":{"line":27,"column":40},"end":{"line":30,"column":null}},"5":{"start":{"line":32,"column":21},"end":{"line":36,"column":null}},"6":{"start":{"line":38,"column":4},"end":{"line":43,"column":null}},"7":{"start":{"line":39,"column":6},"end":{"line":42,"column":null}},"8":{"start":{"line":45,"column":30},"end":{"line":45,"column":null}},"9":{"start":{"line":47,"column":24},"end":{"line":51,"column":null}},"10":{"start":{"line":53,"column":21},"end":{"line":69,"column":null}},"11":{"start":{"line":71,"column":4},"end":{"line":71,"column":null}},"12":{"start":{"line":73,"column":4},"end":{"line":73,"column":null}}},"fnMap":{"0":{"name":"UpdateUserController","decl":{"start":{"line":12,"column":22},"end":{"line":12,"column":43}},"loc":{"start":{"line":12,"column":72},"end":{"line":75,"column":null}}}},"branchMap":{"0":{"loc":{"start":{"line":38,"column":4},"end":{"line":43,"column":null}},"type":"if","locations":[{"start":{"line":38,"column":4},"end":{"line":43,"column":null}},{"start":{"line":38,"column":4},"end":{"line":43,"column":null}}]}},"s":{"0":2,"1":2,"2":2,"3":2,"4":2,"5":2,"6":2,"7":0,"8":2,"9":2,"10":2,"11":2,"12":0},"f":{"0":2},"b":{"0":[0,2]}}
,"/home/ricardo/Desktop/testes/ContaS/vagas/src/modules/users/use-cases/update-user/UpdateUserUseCase.ts": {"path":"/home/ricardo/Desktop/testes/ContaS/vagas/src/modules/users/use-cases/update-user/UpdateUserUseCase.ts","statementMap":{"0":{"start":{"line":14,"column":7},"end":{"line":49,"column":null}},"1":{"start":{"line":17,"column":12},"end":{"line":17,"column":null}},"2":{"start":{"line":25,"column":21},"end":{"line":25,"column":null}},"3":{"start":{"line":27,"column":4},"end":{"line":45,"column":null}},"4":{"start":{"line":28,"column":31},"end":{"line":28,"column":null}},"5":{"start":{"line":29,"column":6},"end":{"line":32,"column":null}},"6":{"start":{"line":30,"column":21},"end":{"line":30,"column":null}},"7":{"start":{"line":31,"column":8},"end":{"line":31,"column":null}},"8":{"start":{"line":34,"column":6},"end":{"line":36,"column":null}},"9":{"start":{"line":35,"column":8},"end":{"line":35,"column":null}},"10":{"start":{"line":38,"column":19},"end":{"line":38,"column":null}},"11":{"start":{"line":40,"column":6},"end":{"line":42,"column":null}},"12":{"start":{"line":41,"column":8},"end":{"line":41,"column":null}},"13":{"start":{"line":44,"column":6},"end":{"line":44,"column":null}},"14":{"start":{"line":47,"column":4},"end":{"line":47,"column":null}},"15":{"start":{"line":14,"column":13},"end":{"line":14,"column":31}}},"fnMap":{"0":{"name":"(anonymous_3)","decl":{"start":{"line":15,"column":2},"end":{"line":15,"column":null}},"loc":{"start":{"line":18,"column":4},"end":{"line":18,"column":null}}},"1":{"name":"(anonymous_4)","decl":{"start":{"line":20,"column":2},"end":{"line":20,"column":8}},"loc":{"start":{"line":24,"column":19},"end":{"line":48,"column":null}}}},"branchMap":{"0":{"loc":{"start":{"line":27,"column":4},"end":{"line":45,"column":null}},"type":"if","locations":[{"start":{"line":27,"column":4},"end":{"line":45,"column":null}},{"start":{"line":27,"column":4},"end":{"line":45,"column":null}}]},"1":{"loc":{"start":{"line":27,"column":8},"end":{"line":27,"column":57}},"type":"binary-expr","locations":[{"start":{"line":27,"column":8},"end":{"line":27,"column":38}},{"start":{"line":27,"column":38},"end":{"line":27,"column":57}}]},"2":{"loc":{"start":{"line":29,"column":6},"end":{"line":32,"column":null}},"type":"if","locations":[{"start":{"line":29,"column":6},"end":{"line":32,"column":null}},{"start":{"line":29,"column":6},"end":{"line":32,"column":null}}]},"3":{"loc":{"start":{"line":31,"column":21},"end":{"line":31,"column":null}},"type":"binary-expr","locations":[{"start":{"line":31,"column":21},"end":{"line":31,"column":31}},{"start":{"line":31,"column":31},"end":{"line":31,"column":50}},{"start":{"line":31,"column":50},"end":{"line":31,"column":null}}]},"4":{"loc":{"start":{"line":34,"column":6},"end":{"line":36,"column":null}},"type":"if","locations":[{"start":{"line":34,"column":6},"end":{"line":36,"column":null}},{"start":{"line":34,"column":6},"end":{"line":36,"column":null}}]},"5":{"loc":{"start":{"line":34,"column":10},"end":{"line":34,"column":35}},"type":"binary-expr","locations":[{"start":{"line":34,"column":10},"end":{"line":34,"column":23}},{"start":{"line":34,"column":23},"end":{"line":34,"column":35}}]},"6":{"loc":{"start":{"line":40,"column":6},"end":{"line":42,"column":null}},"type":"if","locations":[{"start":{"line":40,"column":6},"end":{"line":42,"column":null}},{"start":{"line":40,"column":6},"end":{"line":42,"column":null}}]}},"s":{"0":9,"1":3,"2":3,"3":3,"4":3,"5":3,"6":3,"7":3,"8":3,"9":0,"10":3,"11":3,"12":0,"13":3,"14":0,"15":9},"f":{"0":3,"1":3},"b":{"0":[3,0],"1":[3,1],"2":[3,0],"3":[3,0,3],"4":[0,3],"5":[3,3],"6":[0,3]}}
,"/home/ricardo/Desktop/testes/ContaS/vagas/src/tests/appTest.ts": {"path":"/home/ricardo/Desktop/testes/ContaS/vagas/src/tests/appTest.ts","statementMap":{"0":{"start":{"line":11,"column":12},"end":{"line":11,"column":null}},"1":{"start":{"line":13,"column":0},"end":{"line":13,"column":null}},"2":{"start":{"line":15,"column":0},"end":{"line":15,"column":null}},"3":{"start":{"line":16,"column":0},"end":{"line":16,"column":null}},"4":{"start":{"line":18,"column":0},"end":{"line":18,"column":null}},"5":{"start":{"line":20,"column":0},"end":{"line":20,"column":null}},"6":{"start":{"line":22,"column":0},"end":{"line":22,"column":null}}},"fnMap":{},"branchMap":{},"s":{"0":8,"1":8,"2":8,"3":8,"4":8,"5":8,"6":8},"f":{},"b":{}}
,"/home/ricardo/Desktop/testes/ContaS/vagas/src/tests/containerTest.ts": {"path":"/home/ricardo/Desktop/testes/ContaS/vagas/src/tests/containerTest.ts","statementMap":{"0":{"start":{"line":8,"column":0},"end":{"line":11,"column":null}}},"fnMap":{},"branchMap":{},"s":{"0":8},"f":{},"b":{}}
,"/home/ricardo/Desktop/testes/ContaS/vagas/src/tests/database/index.ts": {"path":"/home/ricardo/Desktop/testes/ContaS/vagas/src/tests/database/index.ts","statementMap":{"0":{"start":{"line":18,"column":2},"end":{"line":18,"column":null}},"1":{"start":{"line":19,"column":2},"end":{"line":19,"column":null}},"2":{"start":{"line":22,"column":4},"end":{"line":22,"column":null}},"3":{"start":{"line":26,"column":26},"end":{"line":26,"column":null}},"4":{"start":{"line":28,"column":4},"end":{"line":53,"column":null}},"5":{"start":{"line":29,"column":6},"end":{"line":29,"column":null}},"6":{"start":{"line":31,"column":6},"end":{"line":52,"column":null}},"7":{"start":{"line":33,"column":8},"end":{"line":49,"column":null}},"8":{"start":{"line":51,"column":8},"end":{"line":51,"column":null}},"9":{"start":{"line":55,"column":17},"end":{"line":55,"column":null}},"10":{"start":{"line":56,"column":4},"end":{"line":56,"column":null}},"11":{"start":{"line":57,"column":4},"end":{"line":57,"column":null}},"12":{"start":{"line":61,"column":26},"end":{"line":61,"column":null}},"13":{"start":{"line":62,"column":42},"end":{"line":75,"column":null}},"14":{"start":{"line":76,"column":4},"end":{"line":76,"column":null}},"15":{"start":{"line":80,"column":25},"end":{"line":80,"column":null}},"16":{"start":{"line":82,"column":4},"end":{"line":94,"column":null}},"17":{"start":{"line":83,"column":19},"end":{"line":83,"column":null}},"18":{"start":{"line":84,"column":6},"end":{"line":84,"column":null}},"19":{"start":{"line":85,"column":6},"end":{"line":85,"column":null}},"20":{"start":{"line":87,"column":6},"end":{"line":93,"column":null}},"21":{"start":{"line":89,"column":8},"end":{"line":89,"column":null}},"22":{"start":{"line":90,"column":8},"end":{"line":90,"column":null}},"23":{"start":{"line":92,"column":8},"end":{"line":92,"column":null}},"24":{"start":{"line":98,"column":25},"end":{"line":98,"column":null}},"25":{"start":{"line":99,"column":4},"end":{"line":103,"column":null}},"26":{"start":{"line":100,"column":6},"end":{"line":100,"column":null}},"27":{"start":{"line":102,"column":6},"end":{"line":102,"column":null}},"28":{"start":{"line":107,"column":18},"end":{"line":107,"column":null}},"29":{"start":{"line":108,"column":4},"end":{"line":112,"column":null}},"30":{"start":{"line":109,"column":6},"end":{"line":109,"column":null}},"31":{"start":{"line":109,"column":53},"end":{"line":109,"column":60}},"32":{"start":{"line":111,"column":6},"end":{"line":111,"column":null}},"33":{"start":{"line":116,"column":4},"end":{"line":116,"column":null}},"34":{"start":{"line":120,"column":20},"end":{"line":120,"column":null}},"35":{"start":{"line":121,"column":28},"end":{"line":121,"column":null}},"36":{"start":{"line":121,"column":56},"end":{"line":121,"column":75}},"37":{"start":{"line":123,"column":4},"end":{"line":130,"column":null}},"38":{"start":{"line":124,"column":6},"end":{"line":127,"column":null}},"39":{"start":{"line":129,"column":6},"end":{"line":129,"column":null}},"40":{"start":{"line":132,"column":4},"end":{"line":132,"column":null}},"41":{"start":{"line":136,"column":4},"end":{"line":136,"column":null}},"42":{"start":{"line":138,"column":25},"end":{"line":140,"column":null}},"43":{"start":{"line":139,"column":16},"end":{"line":139,"column":null}},"44":{"start":{"line":142,"column":4},"end":{"line":142,"column":null}},"45":{"start":{"line":142,"column":23},"end":{"line":142,"column":null}},"46":{"start":{"line":144,"column":4},"end":{"line":144,"column":null}},"47":{"start":{"line":148,"column":4},"end":{"line":148,"column":null}},"48":{"start":{"line":150,"column":17},"end":{"line":150,"column":null}},"49":{"start":{"line":150,"column":52},"end":{"line":150,"column":65}},"50":{"start":{"line":152,"column":4},"end":{"line":152,"column":null}},"51":{"start":{"line":152,"column":15},"end":{"line":152,"column":null}},"52":{"start":{"line":154,"column":4},"end":{"line":154,"column":null}},"53":{"start":{"line":158,"column":4},"end":{"line":158,"column":null}},"54":{"start":{"line":160,"column":36},"end":{"line":160,"column":null}},"55":{"start":{"line":162,"column":4},"end":{"line":168,"column":null}},"56":{"start":{"line":163,"column":6},"end":{"line":165,"column":null}},"57":{"start":{"line":164,"column":8},"end":{"line":164,"column":null}},"58":{"start":{"line":167,"column":6},"end":{"line":167,"column":null}},"59":{"start":{"line":170,"column":4},"end":{"line":170,"column":null}},"60":{"start":{"line":174,"column":4},"end":{"line":174,"column":null}},"61":{"start":{"line":176,"column":17},"end":{"line":176,"column":null}},"62":{"start":{"line":176,"column":52},"end":{"line":176,"column":69}},"63":{"start":{"line":178,"column":4},"end":{"line":178,"column":null}},"64":{"start":{"line":178,"column":15},"end":{"line":178,"column":null}},"65":{"start":{"line":180,"column":4},"end":{"line":180,"column":null}},"66":{"start":{"line":182,"column":4},"end":{"line":182,"column":null}},"67":{"start":{"line":186,"column":4},"end":{"line":186,"column":null}},"68":{"start":{"line":188,"column":38},"end":{"line":188,"column":null}},"69":{"start":{"line":190,"column":4},"end":{"line":192,"column":null}},"70":{"start":{"line":191,"column":6},"end":{"line":191,"column":null}},"71":{"start":{"line":194,"column":4},"end":{"line":194,"column":null}},"72":{"start":{"line":198,"column":4},"end":{"line":198,"column":null}},"73":{"start":{"line":200,"column":17},"end":{"line":208,"column":null}},"74":{"start":{"line":210,"column":4},"end":{"line":214,"column":null}},"75":{"start":{"line":211,"column":6},"end":{"line":211,"column":null}},"76":{"start":{"line":213,"column":6},"end":{"line":213,"column":null}},"77":{"start":{"line":216,"column":4},"end":{"line":216,"column":null}},"78":{"start":{"line":218,"column":4},"end":{"line":218,"column":null}},"79":{"start":{"line":222,"column":4},"end":{"line":222,"column":null}},"80":{"start":{"line":224,"column":20},"end":{"line":224,"column":null}},"81":{"start":{"line":226,"column":4},"end":{"line":246,"column":null}},"82":{"start":{"line":227,"column":23},"end":{"line":227,"column":null}},"83":{"start":{"line":227,"column":50},"end":{"line":227,"column":63}},"84":{"start":{"line":228,"column":22},"end":{"line":228,"column":null}},"85":{"start":{"line":228,"column":44},"end":{"line":228,"column":57}},"86":{"start":{"line":230,"column":6},"end":{"line":245,"column":null}},"87":{"start":{"line":231,"column":8},"end":{"line":240,"column":null}},"88":{"start":{"line":242,"column":8},"end":{"line":242,"column":null}},"89":{"start":{"line":244,"column":8},"end":{"line":244,"column":null}},"90":{"start":{"line":248,"column":4},"end":{"line":248,"column":null}},"91":{"start":{"line":255,"column":4},"end":{"line":255,"column":null}},"92":{"start":{"line":257,"column":20},"end":{"line":257,"column":null}},"93":{"start":{"line":259,"column":4},"end":{"line":279,"column":null}},"94":{"start":{"line":260,"column":23},"end":{"line":260,"column":null}},"95":{"start":{"line":260,"column":50},"end":{"line":260,"column":63}},"96":{"start":{"line":261,"column":22},"end":{"line":261,"column":null}},"97":{"start":{"line":261,"column":44},"end":{"line":261,"column":57}},"98":{"start":{"line":263,"column":6},"end":{"line":278,"column":null}},"99":{"start":{"line":264,"column":8},"end":{"line":273,"column":null}},"100":{"start":{"line":275,"column":8},"end":{"line":275,"column":null}},"101":{"start":{"line":277,"column":8},"end":{"line":277,"column":null}},"102":{"start":{"line":281,"column":4},"end":{"line":281,"column":null}},"103":{"start":{"line":285,"column":4},"end":{"line":285,"column":null}},"104":{"start":{"line":287,"column":18},"end":{"line":287,"column":null}},"105":{"start":{"line":288,"column":22},"end":{"line":288,"column":null}},"106":{"start":{"line":288,"column":48},"end":{"line":288,"column":62}},"107":{"start":{"line":290,"column":4},"end":{"line":292,"column":null}},"108":{"start":{"line":291,"column":6},"end":{"line":291,"column":null}},"109":{"start":{"line":294,"column":4},"end":{"line":294,"column":null}},"110":{"start":{"line":295,"column":4},"end":{"line":295,"column":null}}},"fnMap":{"0":{"name":"(anonymous_0)","decl":{"start":{"line":21,"column":2},"end":{"line":21,"column":16}},"loc":{"start":{"line":21,"column":16},"end":{"line":23,"column":null}}},"1":{"name":"(anonymous_1)","decl":{"start":{"line":25,"column":2},"end":{"line":25,"column":8}},"loc":{"start":{"line":25,"column":30},"end":{"line":58,"column":null}}},"2":{"name":"(anonymous_2)","decl":{"start":{"line":60,"column":2},"end":{"line":60,"column":8}},"loc":{"start":{"line":60,"column":31},"end":{"line":77,"column":null}}},"3":{"name":"(anonymous_3)","decl":{"start":{"line":79,"column":2},"end":{"line":79,"column":16}},"loc":{"start":{"line":79,"column":47},"end":{"line":95,"column":null}}},"4":{"name":"(anonymous_4)","decl":{"start":{"line":97,"column":2},"end":{"line":97,"column":16}},"loc":{"start":{"line":97,"column":41},"end":{"line":104,"column":null}}},"5":{"name":"(anonymous_5)","decl":{"start":{"line":106,"column":10},"end":{"line":106,"column":32}},"loc":{"start":{"line":106,"column":32},"end":{"line":113,"column":null}}},"6":{"name":"(anonymous_6)","decl":{"start":{"line":109,"column":43},"end":{"line":109,"column":44}},"loc":{"start":{"line":109,"column":53},"end":{"line":109,"column":60}}},"7":{"name":"(anonymous_7)","decl":{"start":{"line":115,"column":10},"end":{"line":115,"column":35}},"loc":{"start":{"line":115,"column":35},"end":{"line":117,"column":null}}},"8":{"name":"(anonymous_8)","decl":{"start":{"line":119,"column":2},"end":{"line":119,"column":16}},"loc":{"start":{"line":119,"column":59},"end":{"line":133,"column":null}}},"9":{"name":"(anonymous_9)","decl":{"start":{"line":121,"column":46},"end":{"line":121,"column":47}},"loc":{"start":{"line":121,"column":56},"end":{"line":121,"column":75}}},"10":{"name":"(anonymous_10)","decl":{"start":{"line":135,"column":2},"end":{"line":135,"column":8}},"loc":{"start":{"line":135,"column":50},"end":{"line":145,"column":null}}},"11":{"name":"(anonymous_11)","decl":{"start":{"line":139,"column":6},"end":{"line":139,"column":7}},"loc":{"start":{"line":139,"column":16},"end":{"line":139,"column":null}}},"12":{"name":"(anonymous_12)","decl":{"start":{"line":147,"column":2},"end":{"line":147,"column":8}},"loc":{"start":{"line":147,"column":54},"end":{"line":155,"column":null}}},"13":{"name":"(anonymous_13)","decl":{"start":{"line":150,"column":43},"end":{"line":150,"column":44}},"loc":{"start":{"line":150,"column":52},"end":{"line":150,"column":65}}},"14":{"name":"(anonymous_14)","decl":{"start":{"line":157,"column":2},"end":{"line":157,"column":8}},"loc":{"start":{"line":157,"column":43},"end":{"line":171,"column":null}}},"15":{"name":"(anonymous_15)","decl":{"start":{"line":163,"column":20},"end":{"line":163,"column":21}},"loc":{"start":{"line":163,"column":30},"end":{"line":165,"column":7}}},"16":{"name":"(anonymous_16)","decl":{"start":{"line":173,"column":2},"end":{"line":173,"column":8}},"loc":{"start":{"line":173,"column":52},"end":{"line":183,"column":null}}},"17":{"name":"(anonymous_17)","decl":{"start":{"line":176,"column":43},"end":{"line":176,"column":44}},"loc":{"start":{"line":176,"column":52},"end":{"line":176,"column":69}}},"18":{"name":"(anonymous_18)","decl":{"start":{"line":185,"column":2},"end":{"line":185,"column":8}},"loc":{"start":{"line":185,"column":48},"end":{"line":195,"column":null}}},"19":{"name":"(anonymous_19)","decl":{"start":{"line":197,"column":2},"end":{"line":197,"column":8}},"loc":{"start":{"line":197,"column":49},"end":{"line":219,"column":null}}},"20":{"name":"(anonymous_20)","decl":{"start":{"line":221,"column":2},"end":{"line":221,"column":8}},"loc":{"start":{"line":221,"column":74},"end":{"line":249,"column":null}}},"21":{"name":"(anonymous_21)","decl":{"start":{"line":227,"column":41},"end":{"line":227,"column":42}},"loc":{"start":{"line":227,"column":50},"end":{"line":227,"column":63}}},"22":{"name":"(anonymous_22)","decl":{"start":{"line":228,"column":35},"end":{"line":228,"column":36}},"loc":{"start":{"line":228,"column":44},"end":{"line":228,"column":57}}},"23":{"name":"(anonymous_23)","decl":{"start":{"line":251,"column":2},"end":{"line":251,"column":8}},"loc":{"start":{"line":254,"column":26},"end":{"line":282,"column":null}}},"24":{"name":"(anonymous_24)","decl":{"start":{"line":260,"column":41},"end":{"line":260,"column":42}},"loc":{"start":{"line":260,"column":50},"end":{"line":260,"column":63}}},"25":{"name":"(anonymous_25)","decl":{"start":{"line":261,"column":35},"end":{"line":261,"column":36}},"loc":{"start":{"line":261,"column":44},"end":{"line":261,"column":57}}},"26":{"name":"(anonymous_26)","decl":{"start":{"line":284,"column":2},"end":{"line":284,"column":8}},"loc":{"start":{"line":284,"column":46},"end":{"line":296,"column":null}}},"27":{"name":"(anonymous_27)","decl":{"start":{"line":288,"column":38},"end":{"line":288,"column":39}},"loc":{"start":{"line":288,"column":48},"end":{"line":288,"column":62}}}},"branchMap":{"0":{"loc":{"start":{"line":31,"column":6},"end":{"line":52,"column":null}},"type":"if","locations":[{"start":{"line":31,"column":6},"end":{"line":52,"column":null}},{"start":{"line":50,"column":13},"end":{"line":52,"column":null}}]},"1":{"loc":{"start":{"line":56,"column":32},"end":{"line":56,"column":44}},"type":"binary-expr","locations":[{"start":{"line":56,"column":32},"end":{"line":56,"column":40}},{"start":{"line":56,"column":40},"end":{"line":56,"column":44}}]},"2":{"loc":{"start":{"line":87,"column":6},"end":{"line":93,"column":null}},"type":"if","locations":[{"start":{"line":87,"column":6},"end":{"line":93,"column":null}},{"start":{"line":91,"column":13},"end":{"line":93,"column":null}}]},"3":{"loc":{"start":{"line":108,"column":4},"end":{"line":112,"column":null}},"type":"if","locations":[{"start":{"line":108,"column":4},"end":{"line":112,"column":null}},{"start":{"line":110,"column":11},"end":{"line":112,"column":null}}]},"4":{"loc":{"start":{"line":120,"column":20},"end":{"line":120,"column":null}},"type":"binary-expr","locations":[{"start":{"line":120,"column":20},"end":{"line":120,"column":46}},{"start":{"line":120,"column":46},"end":{"line":120,"column":null}}]},"5":{"loc":{"start":{"line":123,"column":4},"end":{"line":130,"column":null}},"type":"if","locations":[{"start":{"line":123,"column":4},"end":{"line":130,"column":null}},{"start":{"line":128,"column":11},"end":{"line":130,"column":null}}]},"6":{"loc":{"start":{"line":142,"column":4},"end":{"line":142,"column":null}},"type":"if","locations":[{"start":{"line":142,"column":4},"end":{"line":142,"column":null}},{"start":{"line":142,"column":4},"end":{"line":142,"column":null}}]},"7":{"loc":{"start":{"line":152,"column":4},"end":{"line":152,"column":null}},"type":"if","locations":[{"start":{"line":152,"column":4},"end":{"line":152,"column":null}},{"start":{"line":152,"column":4},"end":{"line":152,"column":null}}]},"8":{"loc":{"start":{"line":160,"column":36},"end":{"line":160,"column":null}},"type":"binary-expr","locations":[{"start":{"line":160,"column":36},"end":{"line":160,"column":54}},{"start":{"line":160,"column":54},"end":{"line":160,"column":null}}]},"9":{"loc":{"start":{"line":162,"column":4},"end":{"line":168,"column":null}},"type":"if","locations":[{"start":{"line":162,"column":4},"end":{"line":168,"column":null}},{"start":{"line":162,"column":4},"end":{"line":168,"column":null}}]},"10":{"loc":{"start":{"line":178,"column":4},"end":{"line":178,"column":null}},"type":"if","locations":[{"start":{"line":178,"column":4},"end":{"line":178,"column":null}},{"start":{"line":178,"column":4},"end":{"line":178,"column":null}}]},"11":{"loc":{"start":{"line":188,"column":38},"end":{"line":188,"column":null}},"type":"binary-expr","locations":[{"start":{"line":188,"column":38},"end":{"line":188,"column":56}},{"start":{"line":188,"column":56},"end":{"line":188,"column":null}}]},"12":{"loc":{"start":{"line":190,"column":4},"end":{"line":192,"column":null}},"type":"if","locations":[{"start":{"line":190,"column":4},"end":{"line":192,"column":null}},{"start":{"line":190,"column":4},"end":{"line":192,"column":null}}]},"13":{"loc":{"start":{"line":210,"column":4},"end":{"line":214,"column":null}},"type":"if","locations":[{"start":{"line":210,"column":4},"end":{"line":214,"column":null}},{"start":{"line":212,"column":11},"end":{"line":214,"column":null}}]},"14":{"loc":{"start":{"line":226,"column":4},"end":{"line":246,"column":null}},"type":"if","locations":[{"start":{"line":226,"column":4},"end":{"line":246,"column":null}},{"start":{"line":226,"column":4},"end":{"line":246,"column":null}}]},"15":{"loc":{"start":{"line":230,"column":6},"end":{"line":245,"column":null}},"type":"if","locations":[{"start":{"line":230,"column":6},"end":{"line":245,"column":null}},{"start":{"line":230,"column":6},"end":{"line":245,"column":null}}]},"16":{"loc":{"start":{"line":232,"column":16},"end":{"line":232,"column":null}},"type":"binary-expr","locations":[{"start":{"line":232,"column":16},"end":{"line":232,"column":29}},{"start":{"line":232,"column":29},"end":{"line":232,"column":null}}]},"17":{"loc":{"start":{"line":238,"column":20},"end":{"line":238,"column":null}},"type":"binary-expr","locations":[{"start":{"line":238,"column":20},"end":{"line":238,"column":37}},{"start":{"line":238,"column":37},"end":{"line":238,"column":null}}]},"18":{"loc":{"start":{"line":239,"column":15},"end":{"line":239,"column":null}},"type":"binary-expr","locations":[{"start":{"line":239,"column":15},"end":{"line":239,"column":27}},{"start":{"line":239,"column":27},"end":{"line":239,"column":null}}]},"19":{"loc":{"start":{"line":259,"column":4},"end":{"line":279,"column":null}},"type":"if","locations":[{"start":{"line":259,"column":4},"end":{"line":279,"column":null}},{"start":{"line":259,"column":4},"end":{"line":279,"column":null}}]},"20":{"loc":{"start":{"line":263,"column":6},"end":{"line":278,"column":null}},"type":"if","locations":[{"start":{"line":263,"column":6},"end":{"line":278,"column":null}},{"start":{"line":263,"column":6},"end":{"line":278,"column":null}}]},"21":{"loc":{"start":{"line":266,"column":19},"end":{"line":266,"column":null}},"type":"binary-expr","locations":[{"start":{"line":266,"column":19},"end":{"line":266,"column":35}},{"start":{"line":266,"column":35},"end":{"line":266,"column":null}}]},"22":{"loc":{"start":{"line":269,"column":14},"end":{"line":269,"column":null}},"type":"binary-expr","locations":[{"start":{"line":269,"column":14},"end":{"line":269,"column":45}},{"start":{"line":269,"column":45},"end":{"line":269,"column":null}}]},"23":{"loc":{"start":{"line":271,"column":14},"end":{"line":271,"column":null}},"type":"binary-expr","locations":[{"start":{"line":271,"column":14},"end":{"line":271,"column":45}},{"start":{"line":271,"column":45},"end":{"line":271,"column":null}}]},"24":{"loc":{"start":{"line":290,"column":4},"end":{"line":292,"column":null}},"type":"if","locations":[{"start":{"line":290,"column":4},"end":{"line":292,"column":null}},{"start":{"line":290,"column":4},"end":{"line":292,"column":null}}]}},"s":{"0":31,"1":31,"2":31,"3":23,"4":23,"5":23,"6":0,"7":0,"8":0,"9":23,"10":23,"11":23,"12":23,"13":23,"14":23,"15":131,"16":131,"17":131,"18":131,"19":131,"20":0,"21":0,"22":0,"23":0,"24":99,"25":99,"26":99,"27":0,"28":131,"29":131,"30":131,"31":227,"32":0,"33":24,"34":35,"35":35,"36":21,"37":35,"38":24,"39":11,"40":35,"41":5,"42":5,"43":6,"44":5,"45":4,"46":1,"47":18,"48":18,"49":31,"50":18,"51":1,"52":17,"53":10,"54":10,"55":10,"56":10,"57":16,"58":10,"59":0,"60":24,"61":24,"62":44,"63":24,"64":5,"65":19,"66":19,"67":2,"68":2,"69":2,"70":2,"71":0,"72":24,"73":24,"74":24,"75":24,"76":0,"77":24,"78":24,"79":3,"80":3,"81":3,"82":3,"83":6,"84":3,"85":6,"86":3,"87":3,"88":3,"89":3,"90":0,"91":11,"92":11,"93":11,"94":11,"95":23,"96":11,"97":23,"98":11,"99":11,"100":11,"101":11,"102":0,"103":3,"104":3,"105":3,"106":6,"107":3,"108":0,"109":3,"110":3},"f":{"0":31,"1":23,"2":23,"3":131,"4":99,"5":131,"6":227,"7":24,"8":35,"9":21,"10":5,"11":6,"12":18,"13":31,"14":10,"15":16,"16":24,"17":44,"18":2,"19":24,"20":3,"21":6,"22":6,"23":11,"24":23,"25":23,"26":3,"27":6},"b":{"0":[0,0],"1":[23,0],"2":[0,0],"3":[131,0],"4":[35,0],"5":[24,11],"6":[4,1],"7":[1,17],"8":[10,0],"9":[10,0],"10":[5,19],"11":[2,0],"12":[2,0],"13":[24,0],"14":[3,0],"15":[3,0],"16":[3,0],"17":[3,3],"18":[3,0],"19":[11,0],"20":[11,0],"21":[11,0],"22":[11,0],"23":[11,0],"24":[0,3]}}
,"/home/ricardo/Desktop/testes/ContaS/vagas/src/tests/utils/CreateAndAuthenticateUserFactory.ts": {"path":"/home/ricardo/Desktop/testes/ContaS/vagas/src/tests/utils/CreateAndAuthenticateUserFactory.ts","statementMap":{"0":{"start":{"line":35,"column":22},"end":{"line":41,"column":null}},"1":{"start":{"line":43,"column":17},"end":{"line":43,"column":null}},"2":{"start":{"line":44,"column":19},"end":{"line":44,"column":null}},"3":{"start":{"line":46,"column":2},"end":{"line":52,"column":null}},"4":{"start":{"line":54,"column":21},"end":{"line":59,"column":null}},"5":{"start":{"line":61,"column":17},"end":{"line":64,"column":null}},"6":{"start":{"line":66,"column":2},"end":{"line":66,"column":null}}},"fnMap":{"0":{"name":"CreateAndAuthenticateUser","decl":{"start":{"line":27,"column":22},"end":{"line":27,"column":48}},"loc":{"start":{"line":34,"column":52},"end":{"line":67,"column":null}}}},"branchMap":{"0":{"loc":{"start":{"line":31,"column":2},"end":{"line":31,"column":null}},"type":"default-arg","locations":[{"start":{"line":31,"column":12},"end":{"line":31,"column":null}}]},"1":{"loc":{"start":{"line":32,"column":2},"end":{"line":32,"column":null}},"type":"default-arg","locations":[{"start":{"line":32,"column":14},"end":{"line":32,"column":null}}]},"2":{"loc":{"start":{"line":33,"column":2},"end":{"line":33,"column":null}},"type":"default-arg","locations":[{"start":{"line":33,"column":14},"end":{"line":33,"column":null}}]},"3":{"loc":{"start":{"line":36,"column":10},"end":{"line":36,"column":null}},"type":"binary-expr","locations":[{"start":{"line":36,"column":10},"end":{"line":36,"column":28}},{"start":{"line":36,"column":28},"end":{"line":36,"column":null}}]},"4":{"loc":{"start":{"line":37,"column":14},"end":{"line":39,"column":null}},"type":"cond-expr","locations":[{"start":{"line":38,"column":8},"end":{"line":38,"column":null}},{"start":{"line":39,"column":8},"end":{"line":39,"column":null}}]},"5":{"loc":{"start":{"line":40,"column":9},"end":{"line":40,"column":null}},"type":"binary-expr","locations":[{"start":{"line":40,"column":9},"end":{"line":40,"column":26}},{"start":{"line":40,"column":26},"end":{"line":40,"column":null}}]},"6":{"loc":{"start":{"line":58,"column":16},"end":{"line":58,"column":null}},"type":"binary-expr","locations":[{"start":{"line":58,"column":16},"end":{"line":58,"column":38}},{"start":{"line":58,"column":38},"end":{"line":58,"column":null}}]}},"s":{"0":9,"1":9,"2":9,"3":9,"4":9,"5":9,"6":9},"f":{"0":9},"b":{"0":[9],"1":[8],"2":[8],"3":[9,9],"4":[0,9],"5":[9,9],"6":[9,9]}}
,"/home/ricardo/Desktop/testes/ContaS/vagas/src/tests/utils/CreateNewUserFactory.ts": {"path":"/home/ricardo/Desktop/testes/ContaS/vagas/src/tests/utils/CreateNewUserFactory.ts","statementMap":{"0":{"start":{"line":16,"column":18},"end":{"line":22,"column":null}},"1":{"start":{"line":24,"column":22},"end":{"line":24,"column":null}},"2":{"start":{"line":26,"column":2},"end":{"line":26,"column":null}}},"fnMap":{"0":{"name":"CreateNewUser","decl":{"start":{"line":15,"column":22},"end":{"line":15,"column":36}},"loc":{"start":{"line":15,"column":76},"end":{"line":27,"column":null}}}},"branchMap":{"0":{"loc":{"start":{"line":17,"column":10},"end":{"line":17,"column":null}},"type":"binary-expr","locations":[{"start":{"line":17,"column":10},"end":{"line":17,"column":28}},{"start":{"line":17,"column":28},"end":{"line":17,"column":null}}]},"1":{"loc":{"start":{"line":18,"column":4},"end":{"line":20,"column":null}},"type":"binary-expr","locations":[{"start":{"line":19,"column":7},"end":{"line":19,"column":30}},{"start":{"line":19,"column":30},"end":{"line":19,"column":null}},{"start":{"line":20,"column":7},"end":{"line":20,"column":null}}]},"2":{"loc":{"start":{"line":21,"column":9},"end":{"line":21,"column":null}},"type":"binary-expr","locations":[{"start":{"line":21,"column":9},"end":{"line":21,"column":26}},{"start":{"line":21,"column":26},"end":{"line":21,"column":null}}]}},"s":{"0":9,"1":9,"2":9},"f":{"0":9},"b":{"0":[9,9],"1":[9,0,9],"2":[9,9]}}
}
